SF:lib/core/error/failures.dart
DA:4,1
DA:6,0
DA:7,0
DA:18,1
DA:20,0
DA:21,0
DA:27,0
DA:29,0
DA:30,0
DA:36,1
DA:38,0
DA:39,0
LF:12
LH:3
end_of_record
SF:lib/features/search/data/repositories/search_repository_impl.dart
DA:13,1
DA:18,1
DA:21,2
DA:22,4
DA:23,1
DA:25,3
DA:29,1
DA:32,2
DA:33,2
DA:34,4
DA:35,1
DA:37,3
DA:41,1
DA:44,1
DA:45,2
DA:46,2
DA:48,3
DA:52,1
DA:55,1
DA:56,2
DA:57,2
DA:59,3
DA:63,1
DA:66,2
DA:69,3
DA:73,1
DA:76,2
DA:77,4
DA:78,1
DA:80,3
DA:84,1
DA:87,2
DA:88,1
DA:89,1
DA:91,3
DA:95,1
DA:98,2
DA:99,4
DA:100,1
DA:102,0
DA:106,1
DA:109,2
DA:110,4
DA:111,1
DA:113,0
DA:117,1
DA:128,2
DA:137,4
DA:138,1
DA:140,0
DA:144,1
DA:147,2
DA:148,1
DA:150,0
DA:154,1
DA:157,2
DA:158,1
DA:160,0
DA:164,1
DA:167,2
DA:168,1
DA:170,0
DA:174,1
DA:177,2
DA:178,1
DA:180,0
DA:184,1
DA:187,2
DA:190,3
DA:194,1
DA:197,4
DA:198,2
DA:199,4
DA:200,1
DA:202,3
LF:75
LH:68
end_of_record
SF:lib/features/search/data/datasources/ai_data_source.dart
DA:22,0
DA:28,0
DA:30,0
DA:31,0
DA:35,0
DA:39,0
DA:40,0
DA:44,0
DA:47,0
DA:49,0
DA:50,0
DA:52,0
DA:53,0
DA:54,0
DA:56,0
DA:57,0
DA:64,0
DA:66,0
DA:75,0
DA:76,0
DA:77,0
DA:78,0
DA:81,0
DA:85,0
DA:88,0
DA:90,0
DA:91,0
DA:94,0
DA:95,0
DA:97,0
DA:98,0
DA:99,0
DA:100,0
DA:102,0
DA:106,0
DA:109,0
DA:110,0
DA:111,0
DA:114,0
DA:117,0
DA:118,0
DA:121,0
DA:122,0
DA:123,0
DA:124,0
DA:125,0
DA:126,0
DA:127,0
DA:128,0
DA:129,0
DA:130,0
DA:133,0
DA:134,0
DA:135,0
DA:136,0
DA:141,0
DA:144,0
DA:147,0
DA:148,0
DA:149,0
DA:150,0
DA:153,0
DA:154,0
DA:155,0
DA:158,0
DA:159,0
DA:161,0
DA:162,0
DA:164,0
DA:165,0
DA:169,0
DA:170,0
DA:171,0
DA:172,0
DA:173,0
DA:174,0
DA:178,0
DA:181,0
DA:184,0
DA:186,0
DA:187,0
DA:188,0
DA:189,0
DA:191,0
DA:197,0
DA:198,0
DA:199,0
DA:200,0
DA:203,0
DA:206,0
DA:208,0
DA:209,0
DA:211,0
DA:213,0
DA:214,0
DA:216,0
DA:217,0
DA:218,0
DA:220,0
DA:221,0
DA:226,0
DA:227,0
LF:102
LH:0
end_of_record
SF:lib/features/search/data/datasources/search_local_data_source.dart
DA:40,0
DA:41,0
DA:44,0
DA:46,0
DA:49,0
DA:51,0
DA:54,0
DA:56,0
DA:57,0
DA:58,0
DA:59,0
DA:62,0
DA:63,0
DA:64,0
DA:69,0
DA:71,0
DA:75,0
DA:77,0
DA:81,0
DA:83,0
DA:85,0
DA:89,0
DA:91,0
DA:92,0
DA:95,0
DA:96,0
DA:97,0
DA:102,0
DA:106,0
DA:107,0
DA:108,0
DA:109,0
DA:112,0
DA:126,0
DA:127,0
DA:128,0
DA:132,0
DA:133,0
DA:135,0
DA:141,0
DA:143,0
DA:148,0
DA:150,0
DA:156,0
DA:157,0
DA:161,0
DA:162,0
DA:164,0
DA:165,0
DA:169,0
DA:173,0
DA:174,0
DA:175,0
DA:178,0
DA:179,0
DA:180,0
DA:181,0
DA:187,0
DA:189,0
DA:191,0
DA:192,0
DA:193,0
DA:194,0
DA:195,0
DA:199,0
DA:201,0
DA:203,0
DA:204,0
DA:206,0
DA:210,0
DA:212,0
DA:214,0
DA:215,0
DA:216,0
DA:219,0
DA:221,0
DA:223,0
DA:224,0
DA:225,0
DA:228,0
DA:230,0
DA:231,0
DA:232,0
DA:234,0
DA:237,0
DA:238,0
DA:242,0
DA:244,0
DA:245,0
DA:246,0
DA:247,0
LF:91
LH:0
end_of_record
SF:lib/features/search/data/models/document_model.dart
DA:22,2
DA:34,2
DA:35,2
DA:36,2
DA:37,2
DA:38,2
DA:39,2
DA:40,2
DA:41,2
DA:42,2
DA:43,2
DA:48,2
DA:49,2
DA:50,2
DA:51,2
DA:52,2
DA:53,2
DA:54,2
DA:55,2
DA:56,2
DA:57,2
DA:61,2
DA:71,2
DA:72,1
DA:73,2
DA:74,2
DA:75,2
DA:76,2
DA:77,2
DA:78,2
DA:79,2
LF:31
LH:31
end_of_record
SF:lib/features/search/domain/entities/document.dart
DA:13,5
DA:24,1
DA:25,1
DA:26,1
DA:27,1
DA:28,1
DA:29,1
DA:30,1
DA:31,1
DA:32,1
DA:33,1
DA:36,1
DA:46,1
DA:47,1
DA:48,1
DA:49,1
DA:50,1
DA:51,1
DA:52,1
DA:53,1
DA:54,1
LF:21
LH:21
end_of_record
SF:lib/core/di/injection_container.dart
DA:21,0
DA:23,0
DA:25,0
DA:26,0
DA:27,0
DA:30,0
DA:31,0
DA:34,0
DA:35,0
DA:39,0
DA:40,0
DA:41,0
DA:42,0
DA:47,0
DA:48,0
DA:49,0
DA:50,0
DA:51,0
DA:52,0
DA:53,0
DA:54,0
DA:57,0
DA:58,0
DA:59,0
DA:60,0
DA:61,0
DA:62,0
DA:63,0
DA:64,0
DA:65,0
DA:66,0
DA:71,0
LF:32
LH:0
end_of_record
SF:lib/features/search/domain/usecases/add_document.dart
DA:11,0
DA:13,0
DA:15,0
DA:22,1
DA:24,1
DA:25,2
LF:6
LH:3
end_of_record
SF:lib/features/search/domain/usecases/delete_document.dart
DA:10,0
DA:12,0
DA:14,0
DA:21,1
DA:23,1
DA:24,2
LF:6
LH:3
end_of_record
SF:lib/features/search/domain/usecases/delete_multiple_documents.dart
DA:10,0
DA:12,0
DA:14,0
DA:21,1
DA:23,1
DA:24,2
LF:6
LH:3
end_of_record
SF:lib/features/search/domain/usecases/get_all_documents.dart
DA:10,0
DA:12,0
DA:14,0
LF:3
LH:0
end_of_record
SF:lib/features/search/domain/usecases/get_document_by_id.dart
DA:11,0
DA:13,0
DA:15,0
DA:22,1
DA:24,1
DA:25,2
LF:6
LH:3
end_of_record
SF:lib/features/search/domain/usecases/search_documents.dart
DA:11,0
DA:13,0
DA:15,0
DA:22,1
DA:24,1
DA:25,2
LF:6
LH:3
end_of_record
SF:lib/features/search/domain/usecases/semantic_search.dart
DA:11,0
DA:13,0
DA:15,0
DA:22,1
DA:24,1
DA:25,2
LF:6
LH:3
end_of_record
SF:lib/features/search/domain/usecases/update_document.dart
DA:11,0
DA:13,0
DA:16,0
DA:17,0
DA:19,0
DA:26,1
DA:28,1
DA:29,2
LF:8
LH:3
end_of_record
SF:lib/features/search/presentation/bloc/search_bloc.dart
DA:26,0
DA:35,0
DA:36,0
DA:37,0
DA:38,0
DA:39,0
DA:40,0
DA:41,0
DA:42,0
DA:43,0
DA:44,0
DA:45,0
DA:48,0
DA:49,0
DA:51,0
DA:53,0
DA:54,0
DA:55,0
DA:57,0
DA:63,0
DA:64,0
DA:66,0
DA:68,0
DA:69,0
DA:70,0
DA:72,0
DA:78,0
DA:79,0
DA:81,0
DA:83,0
DA:84,0
DA:85,0
DA:93,0
DA:94,0
DA:96,0
DA:98,0
DA:99,0
DA:100,0
DA:101,0
DA:103,0
DA:108,0
DA:109,0
DA:112,0
DA:113,0
DA:115,0
DA:117,0
DA:118,0
DA:119,0
DA:120,0
DA:122,0
DA:127,0
DA:128,0
DA:130,0
DA:132,0
DA:133,0
DA:134,0
DA:135,0
DA:137,0
DA:142,0
DA:143,0
DA:144,0
DA:145,0
DA:147,0
DA:148,0
DA:150,0
DA:153,0
DA:157,0
DA:158,0
DA:159,0
DA:160,0
DA:164,0
DA:165,0
DA:167,0
DA:169,0
DA:170,0
DA:171,0
DA:172,0
DA:174,0
DA:179,0
DA:180,0
DA:181,0
DA:182,0
DA:183,0
DA:184,0
DA:185,0
DA:186,0
LF:86
LH:0
end_of_record
SF:lib/core/usecases/usecase.dart
DA:10,1
DA:11,1
LF:2
LH:2
end_of_record
SF:lib/features/search/presentation/bloc/search_event.dart
DA:5,4
DA:7,0
DA:8,0
DA:14,0
DA:16,0
DA:17,0
DA:23,0
DA:25,0
DA:26,0
DA:30,4
DA:36,0
DA:38,0
DA:39,0
DA:43,0
DA:49,0
DA:51,0
DA:52,0
DA:58,0
DA:60,0
DA:61,0
DA:67,0
DA:69,0
DA:70,0
DA:82,0
DA:92,0
DA:93,0
DA:97,0
DA:101,0
DA:107,0
DA:109,0
DA:110,0
DA:114,0
LF:32
LH:2
end_of_record
SF:lib/features/search/presentation/bloc/search_state.dart
DA:5,0
DA:7,0
DA:8,0
DA:23,0
DA:32,0
DA:33,0
DA:34,0
DA:35,0
DA:36,0
DA:37,0
DA:38,0
DA:39,0
DA:42,0
DA:50,0
DA:51,0
DA:52,0
DA:53,0
DA:54,0
DA:55,0
DA:56,0
DA:64,0
DA:66,0
DA:67,0
DA:73,0
DA:75,0
DA:76,0
DA:82,0
DA:84,0
DA:85,0
DA:91,0
DA:93,0
DA:94,0
DA:100,0
DA:102,0
DA:103,0
DA:109,0
DA:111,0
DA:112,0
DA:118,0
DA:120,0
DA:121,0
LF:41
LH:0
end_of_record
SF:lib/features/search/presentation/pages/edit_document_page.dart
DA:13,0
DA:18,0
DA:20,0
DA:21,0
DA:22,0
DA:30,0
DA:35,0
DA:36,0
DA:46,0
DA:48,0
DA:49,0
DA:50,0
DA:51,0
DA:52,0
DA:55,0
DA:57,0
DA:58,0
DA:59,0
DA:60,0
DA:61,0
DA:64,0
DA:65,0
DA:66,0
DA:67,0
DA:68,0
DA:69,0
DA:70,0
DA:72,0
DA:73,0
DA:74,0
DA:75,0
DA:77,0
DA:79,0
DA:82,0
DA:86,0
DA:87,0
DA:88,0
DA:89,0
DA:91,0
DA:92,0
DA:93,0
DA:94,0
DA:97,0
DA:98,0
DA:99,0
DA:100,0
DA:102,0
DA:110,0
DA:112,0
DA:113,0
DA:115,0
DA:116,0
DA:117,0
DA:118,0
DA:122,0
DA:123,0
DA:128,0
DA:129,0
DA:130,0
DA:131,0
DA:137,0
DA:138,0
DA:139,0
DA:145,0
DA:146,0
DA:147,0
DA:148,0
DA:149,0
DA:155,0
DA:156,0
DA:157,0
DA:158,0
DA:159,0
DA:161,0
DA:162,0
DA:163,0
DA:165,0
DA:166,0
DA:167,0
DA:169,0
DA:171,0
DA:172,0
DA:174,0
DA:175,0
DA:179,0
DA:180,0
DA:186,0
DA:187,0
DA:193,0
DA:194,0
DA:202,0
DA:203,0
DA:210,0
DA:211,0
DA:221,0
DA:222,0
DA:231,0
DA:232,0
DA:242,0
DA:243,0
DA:244,0
DA:245,0
DA:246,0
DA:247,0
DA:262,0
DA:263,0
DA:264,0
DA:265,0
DA:268,0
DA:283,0
DA:284,0
DA:285,0
DA:298,0
DA:299,0
LF:114
LH:0
end_of_record
SF:lib/features/search/presentation/widgets/document_card.dart
DA:14,1
DA:25,1
DA:27,1
DA:29,1
DA:30,1
DA:31,4
DA:33,1
DA:34,1
DA:35,1
DA:36,0
DA:37,0
DA:39,0
DA:40,0
DA:44,2
DA:45,1
DA:47,1
DA:49,1
DA:50,1
DA:51,1
DA:52,2
DA:53,1
DA:54,1
DA:55,0
DA:59,1
DA:60,1
DA:61,2
DA:62,4
DA:69,2
DA:70,0
DA:75,0
DA:76,0
DA:77,0
DA:79,0
DA:80,0
DA:81,0
DA:82,0
DA:86,2
DA:88,1
DA:89,0
DA:91,0
DA:92,0
DA:94,0
DA:95,0
DA:99,0
DA:100,0
DA:104,0
DA:131,1
DA:132,2
DA:133,3
DA:138,1
DA:139,1
DA:140,3
DA:141,1
DA:146,1
DA:147,3
DA:148,1
DA:150,1
DA:151,2
DA:152,4
DA:153,3
DA:159,1
DA:160,1
DA:162,6
DA:163,1
DA:165,3
DA:168,1
DA:171,1
DA:172,3
DA:173,4
DA:174,3
DA:186,1
DA:187,1
DA:188,1
DA:190,2
DA:191,4
DA:192,0
DA:193,0
DA:194,0
DA:195,0
DA:196,0
DA:197,0
DA:207,0
DA:212,0
DA:214,0
DA:215,0
DA:216,0
DA:217,0
DA:221,0
DA:223,0
DA:225,0
DA:227,0
DA:228,0
DA:229,0
DA:230,0
DA:231,0
DA:232,0
DA:237,0
DA:238,0
DA:239,0
DA:241,0
DA:242,0
DA:243,0
DA:244,0
DA:250,0
DA:251,0
DA:256,0
DA:257,0
DA:258,0
DA:260,0
DA:261,0
DA:262,0
DA:263,0
DA:271,0
DA:272,0
DA:273,0
DA:277,0
DA:278,0
DA:279,0
DA:280,0
DA:282,0
DA:283,0
DA:284,0
DA:286,0
DA:291,0
DA:294,0
DA:295,0
DA:296,0
DA:300,0
DA:301,0
DA:302,0
DA:304,0
DA:305,0
DA:307,0
DA:308,0
DA:311,0
DA:312,0
DA:313,0
DA:318,0
DA:320,0
DA:321,0
DA:323,0
DA:324,0
DA:327,0
DA:328,0
DA:329,0
DA:341,0
DA:342,0
LF:147
LH:54
end_of_record
