SF:lib/core/di/injection_container.dart
DA:20,3
DA:22,0
DA:24,0
DA:26,0
DA:27,0
DA:30,0
DA:31,0
DA:34,0
DA:35,0
DA:39,0
DA:40,0
DA:41,0
DA:42,0
DA:47,0
DA:48,0
DA:49,0
DA:50,0
DA:51,0
DA:52,0
DA:53,0
DA:54,0
DA:55,0
DA:58,0
DA:59,0
DA:60,0
DA:61,0
DA:62,0
DA:63,0
DA:64,0
DA:65,0
DA:66,0
DA:67,0
DA:72,0
LF:33
LH:1
end_of_record
SF:lib/features/search/domain/usecases/get_all_documents.dart
DA:10,2
DA:12,2
DA:14,4
LF:3
LH:3
end_of_record
SF:lib/core/error/failures.dart
DA:4,3
DA:6,0
DA:7,0
DA:18,1
DA:20,0
DA:21,0
DA:27,0
DA:29,0
DA:30,0
DA:36,1
DA:38,0
DA:39,0
LF:12
LH:3
end_of_record
SF:lib/core/usecases/usecase.dart
DA:10,1
DA:11,1
LF:2
LH:2
end_of_record
SF:lib/features/search/domain/entities/document.dart
DA:13,17
DA:24,6
DA:25,6
DA:26,6
DA:27,6
DA:28,6
DA:29,6
DA:30,6
DA:31,6
DA:32,6
DA:33,6
DA:36,3
DA:46,3
DA:47,3
DA:48,3
DA:49,3
DA:50,3
DA:51,3
DA:52,3
DA:53,3
DA:54,3
LF:21
LH:21
end_of_record
SF:lib/features/search/domain/usecases/delete_document.dart
DA:10,2
DA:12,1
DA:14,3
DA:21,0
DA:23,2
DA:24,4
LF:6
LH:5
end_of_record
SF:lib/features/search/domain/usecases/delete_multiple_documents.dart
DA:11,2
DA:13,1
DA:16,3
DA:23,0
DA:25,2
DA:26,4
LF:6
LH:5
end_of_record
SF:lib/features/search/domain/usecases/get_document_by_id.dart
DA:11,2
DA:13,1
DA:15,3
DA:22,0
DA:24,2
DA:25,4
LF:6
LH:5
end_of_record
SF:lib/features/search/domain/usecases/search_documents.dart
DA:11,2
DA:13,2
DA:15,6
DA:22,1
DA:24,2
DA:25,4
LF:6
LH:6
end_of_record
SF:lib/features/search/domain/usecases/semantic_search.dart
DA:11,2
DA:13,1
DA:16,3
DA:23,0
DA:25,2
DA:26,4
LF:6
LH:5
end_of_record
SF:lib/features/search/domain/usecases/add_document.dart
DA:11,2
DA:13,2
DA:15,6
DA:22,3
DA:24,2
DA:25,4
LF:6
LH:6
end_of_record
SF:lib/features/search/domain/usecases/update_document.dart
DA:11,2
DA:13,1
DA:16,2
DA:17,1
DA:19,2
DA:26,2
DA:28,2
DA:29,4
LF:8
LH:8
end_of_record
SF:lib/features/search/data/datasources/ai_data_source.dart
DA:25,1
DA:31,1
DA:34,0
DA:38,1
DA:42,1
DA:43,1
DA:47,1
DA:50,1
DA:52,2
DA:53,1
DA:55,5
DA:56,1
DA:57,1
DA:59,2
DA:60,4
DA:67,1
DA:70,3
DA:79,3
DA:80,4
DA:81,4
DA:82,4
DA:85,2
DA:89,4
DA:92,1
DA:95,1
DA:96,1
DA:99,1
DA:101,1
DA:103,2
DA:104,3
DA:105,1
DA:107,1
DA:109,1
DA:113,3
DA:116,1
DA:117,2
DA:118,3
DA:119,1
DA:122,1
DA:125,1
DA:126,1
DA:129,1
DA:130,1
DA:139,1
DA:140,1
DA:150,1
DA:158,1
DA:166,1
DA:174,1
DA:182,1
DA:190,1
DA:200,2
DA:202,5
DA:203,1
DA:204,2
DA:209,2
DA:212,1
DA:215,1
DA:217,1
DA:218,2
DA:219,4
DA:220,1
DA:223,1
DA:233,3
DA:234,1
DA:237,2
DA:238,2
DA:239,1
DA:241,2
DA:242,2
DA:243,1
DA:245,2
DA:246,2
DA:247,1
DA:251,1
DA:252,1
DA:253,2
DA:254,1
DA:255,3
DA:256,2
DA:260,2
DA:263,1
DA:266,2
DA:271,2
DA:272,3
DA:273,3
DA:274,1
DA:276,1
DA:277,0
DA:284,2
DA:285,3
DA:288,2
DA:289,3
DA:292,1
DA:295,1
DA:298,3
DA:299,1
DA:301,1
DA:303,2
DA:304,3
DA:308,3
DA:309,1
DA:311,1
DA:313,1
DA:314,2
DA:319,3
DA:320,4
LF:107
LH:105
end_of_record
SF:lib/features/search/data/models/document_model.dart
DA:22,4
DA:34,2
DA:35,2
DA:36,2
DA:37,2
DA:38,2
DA:39,2
DA:40,2
DA:41,2
DA:42,2
DA:43,2
DA:48,2
DA:49,2
DA:50,2
DA:51,2
DA:52,2
DA:53,2
DA:54,2
DA:55,2
DA:56,2
DA:57,2
DA:61,4
DA:71,4
DA:72,3
DA:73,4
DA:74,4
DA:75,4
DA:76,4
DA:77,4
DA:78,4
DA:79,3
LF:31
LH:31
end_of_record
SF:lib/features/search/data/datasources/search_local_data_source.dart
DA:40,0
DA:41,0
DA:44,0
DA:46,0
DA:49,0
DA:51,0
DA:54,0
DA:56,0
DA:57,0
DA:58,0
DA:59,0
DA:61,0
DA:62,0
DA:63,0
DA:68,0
DA:70,0
DA:74,0
DA:76,0
DA:80,0
DA:82,0
DA:84,0
DA:85,0
DA:89,0
DA:92,0
DA:94,0
DA:95,0
DA:96,0
DA:101,0
DA:105,0
DA:107,0
DA:108,0
DA:111,0
DA:125,0
DA:127,0
DA:128,0
DA:132,0
DA:133,0
DA:135,0
DA:141,0
DA:142,0
DA:144,0
DA:150,0
DA:152,0
DA:157,0
DA:158,0
DA:162,0
DA:163,0
DA:166,0
DA:167,0
DA:172,0
DA:177,0
DA:178,0
DA:179,0
DA:182,0
DA:184,0
DA:185,0
DA:191,0
DA:193,0
DA:195,0
DA:196,0
DA:197,0
DA:198,0
DA:199,0
DA:203,0
DA:205,0
DA:207,0
DA:208,0
DA:210,0
DA:214,0
DA:216,0
DA:218,0
DA:219,0
DA:220,0
DA:221,0
DA:224,0
DA:226,0
DA:228,0
DA:229,0
DA:230,0
DA:233,0
DA:235,0
DA:236,0
DA:237,0
DA:239,0
DA:242,0
DA:243,0
DA:244,0
DA:248,0
DA:251,0
DA:252,0
DA:253,0
DA:254,0
LF:92
LH:0
end_of_record
SF:lib/features/search/data/repositories/search_repository_impl.dart
DA:13,1
DA:18,1
DA:21,2
DA:23,4
DA:24,1
DA:26,3
DA:30,1
DA:33,2
DA:35,2
DA:37,4
DA:38,1
DA:40,3
DA:44,1
DA:47,1
DA:48,2
DA:49,2
DA:51,3
DA:55,1
DA:58,1
DA:59,2
DA:60,2
DA:62,3
DA:66,1
DA:69,2
DA:72,3
DA:76,1
DA:79,2
DA:81,4
DA:82,1
DA:84,3
DA:88,1
DA:91,2
DA:92,1
DA:93,1
DA:95,3
DA:99,1
DA:104,2
DA:106,4
DA:107,1
DA:109,0
DA:113,1
DA:117,2
DA:119,4
DA:120,1
DA:122,0
DA:126,1
DA:137,2
DA:147,4
DA:148,1
DA:150,0
DA:154,1
DA:157,2
DA:158,1
DA:160,0
DA:164,1
DA:167,2
DA:168,1
DA:170,0
DA:174,1
DA:177,2
DA:178,1
DA:180,0
DA:184,1
DA:187,2
DA:188,1
DA:190,0
DA:194,1
DA:198,2
DA:201,3
DA:205,1
DA:210,4
DA:212,2
DA:214,4
DA:215,1
DA:217,3
LF:75
LH:68
end_of_record
SF:lib/features/search/presentation/bloc/search_bloc.dart
DA:26,1
DA:35,2
DA:36,2
DA:37,2
DA:38,2
DA:39,2
DA:40,2
DA:41,2
DA:42,2
DA:43,2
DA:44,2
DA:45,2
DA:48,1
DA:50,2
DA:52,4
DA:54,1
DA:55,4
DA:56,3
DA:58,1
DA:64,0
DA:66,0
DA:69,0
DA:71,0
DA:72,0
DA:73,0
DA:75,0
DA:81,1
DA:83,2
DA:85,3
DA:87,1
DA:88,0
DA:89,3
DA:97,1
DA:98,2
DA:101,4
DA:103,1
DA:104,0
DA:105,1
DA:106,2
DA:108,1
DA:113,0
DA:114,0
DA:117,0
DA:119,0
DA:122,0
DA:124,0
DA:125,0
DA:126,0
DA:127,0
DA:129,0
DA:134,0
DA:136,0
DA:138,0
DA:139,0
DA:141,0
DA:142,0
DA:143,0
DA:144,0
DA:146,0
DA:151,0
DA:153,0
DA:154,0
DA:155,0
DA:157,0
DA:158,0
DA:160,0
DA:163,0
DA:167,0
DA:168,0
DA:169,0
DA:170,0
DA:174,0
DA:176,0
DA:178,0
DA:179,0
DA:181,0
DA:182,0
DA:183,0
DA:184,0
DA:186,0
DA:191,1
DA:192,1
DA:193,1
DA:194,0
DA:195,1
DA:196,0
DA:197,1
DA:198,0
LF:88
LH:36
end_of_record
SF:lib/features/search/presentation/bloc/search_event.dart
DA:5,4
DA:7,1
DA:8,1
DA:14,0
DA:16,1
DA:17,2
DA:23,0
DA:25,1
DA:26,2
DA:30,1
DA:36,3
DA:38,1
DA:39,2
DA:43,0
DA:49,1
DA:51,1
DA:52,2
DA:58,0
DA:60,1
DA:61,2
DA:67,0
DA:69,1
DA:70,2
DA:82,1
DA:92,1
DA:94,8
DA:98,0
DA:102,0
DA:108,0
DA:110,1
DA:111,2
DA:115,0
LF:32
LH:23
end_of_record
SF:lib/features/search/presentation/bloc/search_state.dart
DA:5,4
DA:7,2
DA:8,2
DA:23,2
DA:32,2
DA:33,2
DA:34,2
DA:35,2
DA:36,2
DA:37,2
DA:38,2
DA:39,2
DA:42,1
DA:50,1
DA:51,1
DA:52,1
DA:53,1
DA:54,1
DA:55,1
DA:56,1
DA:64,1
DA:66,2
DA:67,4
DA:73,3
DA:75,2
DA:76,4
DA:82,1
DA:84,1
DA:85,2
DA:91,0
DA:93,1
DA:94,2
DA:100,0
DA:102,1
DA:103,2
DA:109,0
DA:111,1
DA:112,2
DA:118,0
DA:120,1
DA:121,2
LF:41
LH:37
end_of_record
SF:lib/features/search/presentation/widgets/search_bar_widget.dart
DA:9,1
DA:16,1
DA:17,1
DA:23,1
DA:25,2
DA:26,1
DA:29,1
DA:31,1
DA:32,2
DA:33,2
DA:34,1
DA:37,1
DA:39,2
DA:41,1
DA:42,1
DA:45,3
DA:47,1
DA:48,1
DA:49,2
DA:50,3
DA:53,2
DA:56,3
DA:57,5
DA:58,3
LF:24
LH:24
end_of_record
SF:lib/features/search/presentation/pages/add_document_page.dart
DA:11,0
DA:13,0
DA:15,0
DA:16,0
DA:23,1
DA:25,1
DA:26,1
DA:36,1
DA:38,2
DA:39,2
DA:40,2
DA:41,2
DA:42,1
DA:45,1
DA:46,3
DA:47,2
DA:48,1
DA:49,3
DA:50,3
DA:51,1
DA:53,1
DA:55,3
DA:56,3
DA:57,4
DA:59,3
DA:61,1
DA:62,1
DA:65,4
DA:69,1
DA:71,1
DA:72,1
DA:74,3
DA:75,1
DA:76,1
DA:77,1
DA:82,1
DA:83,1
DA:84,1
DA:85,2
DA:91,1
DA:92,1
DA:93,2
DA:94,1
DA:95,3
DA:101,1
DA:102,1
DA:103,1
DA:104,1
DA:105,1
DA:107,1
DA:108,1
DA:109,1
DA:111,1
DA:112,1
DA:113,1
DA:119,1
DA:120,2
DA:128,1
DA:129,1
DA:136,1
DA:137,2
DA:147,1
DA:148,1
DA:157,1
DA:158,1
DA:169,1
DA:171,2
DA:172,1
DA:175,1
DA:188,1
DA:189,1
DA:190,1
LF:72
LH:68
end_of_record
SF:lib/features/search/presentation/pages/edit_document_page.dart
DA:13,0
DA:18,0
DA:20,0
DA:21,0
DA:22,0
DA:30,1
DA:35,1
DA:36,1
DA:46,1
DA:48,1
DA:49,5
DA:50,5
DA:51,1
DA:52,4
DA:53,1
DA:54,5
DA:57,1
DA:59,2
DA:60,2
DA:61,2
DA:62,2
DA:63,1
DA:66,1
DA:67,3
DA:68,0
DA:69,0
DA:70,0
DA:71,0
DA:72,0
DA:74,0
DA:75,0
DA:76,0
DA:77,0
DA:79,0
DA:81,0
DA:84,0
DA:88,1
DA:89,1
DA:90,1
DA:91,2
DA:93,1
DA:94,4
DA:95,1
DA:96,1
DA:97,2
DA:100,1
DA:101,0
DA:102,0
DA:104,0
DA:105,0
DA:107,1
DA:115,1
DA:117,1
DA:118,1
DA:120,3
DA:121,1
DA:122,1
DA:123,1
DA:127,1
DA:128,1
DA:133,1
DA:134,1
DA:135,1
DA:136,0
DA:142,0
DA:143,1
DA:144,0
DA:150,0
DA:151,1
DA:152,0
DA:153,0
DA:154,0
DA:160,1
DA:161,1
DA:162,1
DA:163,1
DA:164,1
DA:166,1
DA:167,1
DA:168,1
DA:170,1
DA:171,1
DA:172,1
DA:174,1
DA:176,1
DA:177,1
DA:179,1
DA:180,1
DA:181,1
DA:182,1
DA:183,1
DA:184,1
DA:185,1
DA:189,1
DA:190,5
DA:191,1
DA:192,5
DA:198,1
DA:199,1
DA:205,1
DA:206,2
DA:214,1
DA:215,1
DA:222,1
DA:223,2
DA:233,1
DA:234,1
DA:243,1
DA:244,1
DA:255,1
DA:256,1
DA:257,1
DA:258,1
DA:259,1
DA:261,1
DA:262,1
DA:278,1
DA:279,1
DA:280,1
DA:282,1
DA:283,1
DA:287,1
DA:303,1
DA:304,1
DA:305,1
DA:318,1
DA:319,10
LF:127
LH:99
end_of_record
SF:lib/features/search/presentation/widgets/document_card.dart
DA:14,2
DA:25,2
DA:27,2
DA:29,2
DA:30,2
DA:31,2
DA:32,8
DA:33,6
DA:36,2
DA:37,2
DA:38,2
DA:39,1
DA:40,1
DA:42,1
DA:43,1
DA:44,2
DA:48,4
DA:49,2
DA:51,2
DA:53,2
DA:54,2
DA:55,2
DA:56,4
DA:57,2
DA:58,2
DA:59,0
DA:63,2
DA:64,2
DA:65,4
DA:66,8
DA:73,4
DA:74,0
DA:79,0
DA:80,0
DA:81,0
DA:83,0
DA:84,0
DA:85,0
DA:86,0
DA:87,0
DA:88,0
DA:92,4
DA:94,2
DA:95,0
DA:97,0
DA:98,0
DA:100,0
DA:101,0
DA:102,0
DA:106,0
DA:107,0
DA:111,0
DA:139,2
DA:140,4
DA:141,6
DA:146,2
DA:147,2
DA:148,6
DA:149,2
DA:154,2
DA:155,6
DA:156,2
DA:158,2
DA:159,4
DA:160,8
DA:161,2
DA:162,2
DA:163,2
DA:169,2
DA:170,2
DA:172,4
DA:173,2
DA:174,6
DA:175,2
DA:177,6
DA:182,2
DA:185,2
DA:186,6
DA:187,8
DA:188,6
DA:200,2
DA:201,2
DA:202,2
DA:204,4
DA:205,8
DA:206,2
DA:207,0
DA:208,2
DA:209,0
DA:210,2
DA:211,0
DA:221,1
DA:226,1
DA:228,1
DA:229,1
DA:230,1
DA:231,2
DA:235,3
DA:237,1
DA:239,1
DA:241,1
DA:242,2
DA:243,1
DA:244,1
DA:245,1
DA:246,3
DA:247,1
DA:252,1
DA:253,3
DA:254,1
DA:256,1
DA:257,2
DA:258,4
DA:259,1
DA:260,1
DA:261,1
DA:267,2
DA:268,0
DA:273,0
DA:274,0
DA:275,0
DA:277,0
DA:278,0
DA:279,0
DA:280,0
DA:281,0
DA:282,0
DA:290,1
DA:291,2
DA:292,4
DA:296,1
DA:297,1
DA:298,2
DA:299,3
DA:301,1
DA:302,4
DA:303,1
DA:305,4
DA:310,1
DA:313,2
DA:314,3
DA:315,1
DA:317,1
DA:321,1
DA:322,1
DA:323,1
DA:325,1
DA:326,1
DA:328,4
DA:330,3
DA:333,1
DA:334,3
DA:335,3
DA:340,1
DA:342,1
DA:343,1
DA:345,4
DA:347,3
DA:350,1
DA:351,3
DA:352,3
DA:364,1
DA:365,10
LF:163
LH:130
end_of_record
